Arguments: 
  /usr/local/bin/node /Users/Kim-YeongBeom/.npm-global/bin/yarn add sass-material-color

PATH: 
  /Users/Kim-YeongBeom/.rbenv/shims:/usr/local/bin:/usr/bin:/bin:/usr/sbin:/sbin:/Users/Kim-YeongBeom/Library/Android/sdk/tools:/Users/Kim-YeongBeom/Library/Android/sdk/platform-tools:/Users/Kim-YeongBeom/.npm-global/bin:/Applications/Visual Studio Code.app/Contents/Resources/app/bin

Yarn version: 
  1.3.2

Node version: 
  9.0.0

Platform: 
  darwin x64

npm manifest: 
  No manifest

yarn manifest: 
  No manifest

Lockfile: 
  No lockfile

Trace: 
  Error: https://registry.yarnpkg.com/sass-material-color: Not found
      at Request.params.callback [as _callback] (/Users/Kim-YeongBeom/.npm-global/lib/node_modules/yarn/lib/cli.js:62098:18)
      at Request.self.callback (/Users/Kim-YeongBeom/.npm-global/lib/node_modules/yarn/lib/cli.js:123085:22)
      at emitTwo (events.js:135:13)
      at Request.emit (events.js:224:7)
      at Request.<anonymous> (/Users/Kim-YeongBeom/.npm-global/lib/node_modules/yarn/lib/cli.js:124068:10)
      at emitOne (events.js:125:13)
      at Request.emit (events.js:221:7)
      at IncomingMessage.<anonymous> (/Users/Kim-YeongBeom/.npm-global/lib/node_modules/yarn/lib/cli.js:123988:12)
      at Object.onceWrapper (events.js:322:30)
      at emitNone (events.js:120:20)
